Line 24: Class MSDataGridLib.DataGrid of control DataGrid1 was not a loaded control class.
Line 30: The property name _ExtentX in DataGrid1 is invalid.
Line 31: The property name _ExtentY in DataGrid1 is invalid.
Line 32: The property name _Version in DataGrid1 is invalid.
Line 33: The property name HeadLines in DataGrid1 is invalid.
Line 34: The property name RowHeight in DataGrid1 is invalid.
Line 43: The property name HeadFont in DataGrid1 is invalid.
Line 53: The property name ColumnCount in DataGrid1 is invalid.
Line 66: The property name Column00 in DataGrid1 is invalid.
Line 79: The property name Column01 in DataGrid1 is invalid.
Line 80: The property name SplitCount in DataGrid1 is invalid.
Line 86: The property name Split0 in DataGrid1 is invalid.
Line 30: The property name _ExtentX in DataGrid1 is invalid.
Line 31: The property name _ExtentY in DataGrid1 is invalid.
Line 32: The property name _Version in DataGrid1 is invalid.
Line 33: The property name HeadLines in DataGrid1 is invalid.
Line 34: The property name RowHeight in DataGrid1 is invalid.
Line 43: The property name HeadFont in DataGrid1 is invalid.
Line 53: The property name ColumnCount in DataGrid1 is invalid.
Line 66: The property name Column00 in DataGrid1 is invalid.
Line 79: The property name Column01 in DataGrid1 is invalid.
Line 80: The property name SplitCount in DataGrid1 is invalid.
Line 86: The property name Split0 in DataGrid1 is invalid.
